[2020-03-28 17:17:32.018] [exthost] [info] extension host started
[2020-03-28 17:17:32.058] [exthost] [info] ExtensionService#_doActivateExtension vscode.debug-auto-launch {"startup":true,"extensionId":{"value":"vscode.debug-auto-launch","_lower":"vscode.debug-auto-launch"},"activationEvent":"*"}
[2020-03-28 17:17:32.059] [exthost] [info] ExtensionService#loadCommonJSModule file:///usr/share/code/resources/app/extensions/debug-auto-launch/dist/extension
[2020-03-28 17:17:32.062] [exthost] [info] ExtensionService#_doActivateExtension vscode.emmet {"startup":true,"extensionId":{"value":"vscode.emmet","_lower":"vscode.emmet"},"activationEvent":"*"}
[2020-03-28 17:17:32.062] [exthost] [info] ExtensionService#loadCommonJSModule file:///usr/share/code/resources/app/extensions/emmet/dist/extension
[2020-03-28 17:17:32.078] [exthost] [info] ExtensionService#_doActivateExtension vscode.git {"startup":true,"extensionId":{"value":"vscode.git","_lower":"vscode.git"},"activationEvent":"*"}
[2020-03-28 17:17:32.078] [exthost] [info] ExtensionService#loadCommonJSModule file:///usr/share/code/resources/app/extensions/git/dist/main
[2020-03-28 17:17:32.108] [exthost] [info] ExtensionService#_doActivateExtension vscode.github-authentication {"startup":true,"extensionId":{"value":"vscode.github-authentication","_lower":"vscode.github-authentication"},"activationEvent":"*"}
[2020-03-28 17:17:32.108] [exthost] [info] ExtensionService#loadCommonJSModule file:///usr/share/code/resources/app/extensions/github-authentication/dist/extension.js
[2020-03-28 17:17:32.110] [exthost] [info] ExtensionService#_doActivateExtension vscode.merge-conflict {"startup":true,"extensionId":{"value":"vscode.merge-conflict","_lower":"vscode.merge-conflict"},"activationEvent":"*"}
[2020-03-28 17:17:32.110] [exthost] [info] ExtensionService#loadCommonJSModule file:///usr/share/code/resources/app/extensions/merge-conflict/dist/extension
[2020-03-28 17:17:32.115] [exthost] [info] ExtensionService#_doActivateExtension vscode.search-result {"startup":true,"extensionId":{"value":"vscode.search-result","_lower":"vscode.search-result"},"activationEvent":"*"}
[2020-03-28 17:17:32.115] [exthost] [info] ExtensionService#loadCommonJSModule file:///usr/share/code/resources/app/extensions/search-result/dist/extension.js
[2020-03-28 17:17:32.115] [exthost] [info] ExtensionService#_doActivateExtension vscode.vscode-account {"startup":true,"extensionId":{"value":"vscode.vscode-account","_lower":"vscode.vscode-account"},"activationEvent":"*"}
[2020-03-28 17:17:32.116] [exthost] [info] ExtensionService#loadCommonJSModule file:///usr/share/code/resources/app/extensions/vscode-account/dist/extension.js
[2020-03-28 17:17:32.118] [exthost] [info] ExtensionService#_doActivateExtension PKief.material-icon-theme {"startup":true,"extensionId":{"value":"PKief.material-icon-theme","_lower":"pkief.material-icon-theme"},"activationEvent":"*"}
[2020-03-28 17:17:32.118] [exthost] [info] ExtensionService#loadCommonJSModule file:///home/moraes/.vscode/extensions/pkief.material-icon-theme-4.0.1/dist/extension
[2020-03-28 17:17:32.125] [exthost] [info] ExtensionService#_doActivateExtension ritwickdey.LiveServer {"startup":true,"extensionId":{"value":"ritwickdey.LiveServer","_lower":"ritwickdey.liveserver"},"activationEvent":"*"}
[2020-03-28 17:17:32.125] [exthost] [info] ExtensionService#loadCommonJSModule file:///home/moraes/.vscode/extensions/ritwickdey.liveserver-5.6.1/out/src/extension
[2020-03-28 17:17:32.370] [exthost] [info] eager extensions activated
[2020-03-28 17:17:37.033] [exthost] [info] ExtensionService#_doActivateExtension vscode.configuration-editing {"startup":false,"extensionId":{"value":"vscode.configuration-editing","_lower":"vscode.configuration-editing"},"activationEvent":"onLanguage:jsonc"}
[2020-03-28 17:17:37.033] [exthost] [info] ExtensionService#loadCommonJSModule file:///usr/share/code/resources/app/extensions/configuration-editing/dist/extension
[2020-03-28 17:17:37.137] [exthost] [info] ExtensionService#_doActivateExtension vscode.json-language-features {"startup":false,"extensionId":{"value":"vscode.json-language-features","_lower":"vscode.json-language-features"},"activationEvent":"onLanguage:jsonc"}
[2020-03-28 17:17:37.137] [exthost] [info] ExtensionService#loadCommonJSModule file:///usr/share/code/resources/app/extensions/json-language-features/client/dist/jsonMain
[2020-03-28 17:17:37.209] [exthost] [info] ExtensionService#_doActivateExtension vscode.typescript-language-features {"startup":false,"extensionId":{"value":"vscode.typescript-language-features","_lower":"vscode.typescript-language-features"},"activationEvent":"onLanguage:jsonc"}
[2020-03-28 17:17:37.209] [exthost] [info] ExtensionService#loadCommonJSModule file:///usr/share/code/resources/app/extensions/typescript-language-features/dist/extension
[2020-03-28 17:17:50.752] [exthost] [info] extension host started
[2020-03-28 17:17:50.757] [exthost] [info] ExtensionService#_doActivateExtension vscode.debug-auto-launch {"startup":true,"extensionId":{"value":"vscode.debug-auto-launch","_lower":"vscode.debug-auto-launch"},"activationEvent":"*"}
[2020-03-28 17:17:50.757] [exthost] [info] ExtensionService#loadCommonJSModule file:///usr/share/code/resources/app/extensions/debug-auto-launch/dist/extension
[2020-03-28 17:17:50.758] [exthost] [info] ExtensionService#_doActivateExtension vscode.emmet {"startup":true,"extensionId":{"value":"vscode.emmet","_lower":"vscode.emmet"},"activationEvent":"*"}
[2020-03-28 17:17:50.758] [exthost] [info] ExtensionService#loadCommonJSModule file:///usr/share/code/resources/app/extensions/emmet/dist/extension
[2020-03-28 17:17:50.765] [exthost] [info] ExtensionService#_doActivateExtension vscode.git {"startup":true,"extensionId":{"value":"vscode.git","_lower":"vscode.git"},"activationEvent":"*"}
[2020-03-28 17:17:50.765] [exthost] [info] ExtensionService#loadCommonJSModule file:///usr/share/code/resources/app/extensions/git/dist/main
[2020-03-28 17:17:50.776] [exthost] [info] ExtensionService#_doActivateExtension vscode.github-authentication {"startup":true,"extensionId":{"value":"vscode.github-authentication","_lower":"vscode.github-authentication"},"activationEvent":"*"}
[2020-03-28 17:17:50.776] [exthost] [info] ExtensionService#loadCommonJSModule file:///usr/share/code/resources/app/extensions/github-authentication/dist/extension.js
[2020-03-28 17:17:50.777] [exthost] [info] ExtensionService#_doActivateExtension vscode.merge-conflict {"startup":true,"extensionId":{"value":"vscode.merge-conflict","_lower":"vscode.merge-conflict"},"activationEvent":"*"}
[2020-03-28 17:17:50.777] [exthost] [info] ExtensionService#loadCommonJSModule file:///usr/share/code/resources/app/extensions/merge-conflict/dist/extension
[2020-03-28 17:17:50.778] [exthost] [info] ExtensionService#_doActivateExtension vscode.search-result {"startup":true,"extensionId":{"value":"vscode.search-result","_lower":"vscode.search-result"},"activationEvent":"*"}
[2020-03-28 17:17:50.778] [exthost] [info] ExtensionService#loadCommonJSModule file:///usr/share/code/resources/app/extensions/search-result/dist/extension.js
[2020-03-28 17:17:50.779] [exthost] [info] ExtensionService#_doActivateExtension vscode.vscode-account {"startup":true,"extensionId":{"value":"vscode.vscode-account","_lower":"vscode.vscode-account"},"activationEvent":"*"}
[2020-03-28 17:17:50.779] [exthost] [info] ExtensionService#loadCommonJSModule file:///usr/share/code/resources/app/extensions/vscode-account/dist/extension.js
[2020-03-28 17:17:50.780] [exthost] [info] ExtensionService#_doActivateExtension PKief.material-icon-theme {"startup":true,"extensionId":{"value":"PKief.material-icon-theme","_lower":"pkief.material-icon-theme"},"activationEvent":"*"}
[2020-03-28 17:17:50.780] [exthost] [info] ExtensionService#loadCommonJSModule file:///home/moraes/.vscode/extensions/pkief.material-icon-theme-4.0.1/dist/extension
[2020-03-28 17:17:50.783] [exthost] [info] ExtensionService#_doActivateExtension ritwickdey.LiveServer {"startup":true,"extensionId":{"value":"ritwickdey.LiveServer","_lower":"ritwickdey.liveserver"},"activationEvent":"*"}
[2020-03-28 17:17:50.783] [exthost] [info] ExtensionService#loadCommonJSModule file:///home/moraes/.vscode/extensions/ritwickdey.liveserver-5.6.1/out/src/extension
[2020-03-28 17:17:50.968] [exthost] [info] ExtensionService#_doActivateExtension vscode.npm {"startup":true,"extensionId":{"value":"vscode.npm","_lower":"vscode.npm"},"activationEvent":"workspaceContains:package.json"}
[2020-03-28 17:17:50.968] [exthost] [info] ExtensionService#loadCommonJSModule file:///usr/share/code/resources/app/extensions/npm/dist/main
[2020-03-28 17:17:51.019] [exthost] [info] eager extensions activated
[2020-03-28 17:18:18.724] [exthost] [info] ExtensionService#_doActivateExtension vscode.configuration-editing {"startup":false,"extensionId":{"value":"vscode.configuration-editing","_lower":"vscode.configuration-editing"},"activationEvent":"onLanguage:jsonc"}
[2020-03-28 17:18:18.724] [exthost] [info] ExtensionService#loadCommonJSModule file:///usr/share/code/resources/app/extensions/configuration-editing/dist/extension
[2020-03-28 17:18:18.727] [exthost] [info] ExtensionService#_doActivateExtension vscode.json-language-features {"startup":false,"extensionId":{"value":"vscode.json-language-features","_lower":"vscode.json-language-features"},"activationEvent":"onLanguage:jsonc"}
[2020-03-28 17:18:18.727] [exthost] [info] ExtensionService#loadCommonJSModule file:///usr/share/code/resources/app/extensions/json-language-features/client/dist/jsonMain
[2020-03-28 17:18:18.733] [exthost] [info] ExtensionService#_doActivateExtension vscode.typescript-language-features {"startup":false,"extensionId":{"value":"vscode.typescript-language-features","_lower":"vscode.typescript-language-features"},"activationEvent":"onLanguage:jsonc"}
[2020-03-28 17:18:18.733] [exthost] [info] ExtensionService#loadCommonJSModule file:///usr/share/code/resources/app/extensions/typescript-language-features/dist/extension
[2020-03-28 17:18:27.626] [exthost] [info] ExtensionService#_doActivateExtension christian-kohler.npm-intellisense {"startup":false,"extensionId":{"value":"christian-kohler.npm-intellisense","_lower":"christian-kohler.npm-intellisense"},"activationEvent":"onLanguage:javascript"}
[2020-03-28 17:18:27.626] [exthost] [info] ExtensionService#loadCommonJSModule file:///home/moraes/.vscode/extensions/christian-kohler.npm-intellisense-1.3.0/out/src/extension
[2020-03-28 17:28:32.822] [exthost] [info] [vscode.typescript-language-features] UNSAVE result from 'resolveCompletionItem', extension SHOULD NOT change any of: additionalTextEdits, or command
[2020-03-28 17:28:34.780] [exthost] [warning] INVALID text edit -> must have at least a label
[2020-03-28 17:28:34.780] [exthost] [warning] INVALID text edit -> must have at least a label
[2020-03-28 17:28:34.780] [exthost] [warning] INVALID text edit -> must have at least a label
[2020-03-28 17:28:34.780] [exthost] [warning] INVALID text edit -> must have at least a label
[2020-03-28 17:28:34.780] [exthost] [warning] INVALID text edit -> must have at least a label
[2020-03-28 17:28:34.780] [exthost] [warning] INVALID text edit -> must have at least a label
[2020-03-28 17:28:34.780] [exthost] [warning] INVALID text edit -> must have at least a label
[2020-03-28 17:28:34.780] [exthost] [warning] INVALID text edit -> must have at least a label
[2020-03-28 17:28:34.780] [exthost] [warning] INVALID text edit -> must have at least a label
[2020-03-28 17:28:34.780] [exthost] [warning] INVALID text edit -> must have at least a label
[2020-03-28 17:28:34.780] [exthost] [warning] INVALID text edit -> must have at least a label
[2020-03-28 17:28:34.780] [exthost] [warning] INVALID text edit -> must have at least a label
[2020-03-28 17:28:45.598] [exthost] [warning] INVALID text edit -> must have at least a label
[2020-03-28 17:28:45.598] [exthost] [warning] INVALID text edit -> must have at least a label
[2020-03-28 17:28:45.598] [exthost] [warning] INVALID text edit -> must have at least a label
[2020-03-28 17:28:45.598] [exthost] [warning] INVALID text edit -> must have at least a label
[2020-03-28 17:28:45.598] [exthost] [warning] INVALID text edit -> must have at least a label
[2020-03-28 17:28:45.598] [exthost] [warning] INVALID text edit -> must have at least a label
[2020-03-28 17:28:45.598] [exthost] [warning] INVALID text edit -> must have at least a label
[2020-03-28 17:28:45.598] [exthost] [warning] INVALID text edit -> must have at least a label
[2020-03-28 17:28:45.598] [exthost] [warning] INVALID text edit -> must have at least a label
[2020-03-28 17:28:45.598] [exthost] [warning] INVALID text edit -> must have at least a label
[2020-03-28 17:28:45.598] [exthost] [warning] INVALID text edit -> must have at least a label
[2020-03-28 17:28:45.598] [exthost] [warning] INVALID text edit -> must have at least a label
[2020-03-28 17:29:05.939] [exthost] [warning] INVALID text edit -> must have at least a label
[2020-03-28 17:29:05.939] [exthost] [warning] INVALID text edit -> must have at least a label
[2020-03-28 17:29:05.939] [exthost] [warning] INVALID text edit -> must have at least a label
[2020-03-28 17:29:05.939] [exthost] [warning] INVALID text edit -> must have at least a label
[2020-03-28 17:29:05.939] [exthost] [warning] INVALID text edit -> must have at least a label
[2020-03-28 17:29:05.939] [exthost] [warning] INVALID text edit -> must have at least a label
[2020-03-28 17:29:05.939] [exthost] [warning] INVALID text edit -> must have at least a label
[2020-03-28 17:29:05.939] [exthost] [warning] INVALID text edit -> must have at least a label
[2020-03-28 17:29:05.939] [exthost] [warning] INVALID text edit -> must have at least a label
[2020-03-28 17:29:05.939] [exthost] [warning] INVALID text edit -> must have at least a label
[2020-03-28 17:29:05.939] [exthost] [warning] INVALID text edit -> must have at least a label
[2020-03-28 17:29:05.939] [exthost] [warning] INVALID text edit -> must have at least a label
[2020-03-28 17:30:01.539] [exthost] [warning] INVALID text edit -> must have at least a label
[2020-03-28 17:30:01.539] [exthost] [warning] INVALID text edit -> must have at least a label
[2020-03-28 17:30:01.539] [exthost] [warning] INVALID text edit -> must have at least a label
[2020-03-28 17:30:01.539] [exthost] [warning] INVALID text edit -> must have at least a label
[2020-03-28 17:30:01.539] [exthost] [warning] INVALID text edit -> must have at least a label
[2020-03-28 17:30:01.539] [exthost] [warning] INVALID text edit -> must have at least a label
[2020-03-28 17:30:01.539] [exthost] [warning] INVALID text edit -> must have at least a label
[2020-03-28 17:30:01.539] [exthost] [warning] INVALID text edit -> must have at least a label
[2020-03-28 17:30:01.539] [exthost] [warning] INVALID text edit -> must have at least a label
[2020-03-28 17:30:01.539] [exthost] [warning] INVALID text edit -> must have at least a label
[2020-03-28 17:30:01.539] [exthost] [warning] INVALID text edit -> must have at least a label
[2020-03-28 17:30:01.539] [exthost] [warning] INVALID text edit -> must have at least a label
[2020-03-28 17:31:24.439] [exthost] [warning] INVALID text edit -> must have at least a label
[2020-03-28 17:31:24.439] [exthost] [warning] INVALID text edit -> must have at least a label
[2020-03-28 17:31:24.439] [exthost] [warning] INVALID text edit -> must have at least a label
[2020-03-28 17:31:24.439] [exthost] [warning] INVALID text edit -> must have at least a label
[2020-03-28 17:31:24.439] [exthost] [warning] INVALID text edit -> must have at least a label
[2020-03-28 17:31:24.439] [exthost] [warning] INVALID text edit -> must have at least a label
[2020-03-28 17:31:24.439] [exthost] [warning] INVALID text edit -> must have at least a label
[2020-03-28 17:31:24.439] [exthost] [warning] INVALID text edit -> must have at least a label
[2020-03-28 17:31:24.439] [exthost] [warning] INVALID text edit -> must have at least a label
[2020-03-28 17:31:24.439] [exthost] [warning] INVALID text edit -> must have at least a label
[2020-03-28 17:31:24.439] [exthost] [warning] INVALID text edit -> must have at least a label
[2020-03-28 17:31:24.439] [exthost] [warning] INVALID text edit -> must have at least a label
[2020-03-28 17:31:37.302] [exthost] [error] [vscode.typescript-language-features] provider FAILED
[2020-03-28 17:31:37.303] [exthost] [error] Error: busy
	at o._provideSemanticTokens (/usr/share/code/resources/app/extensions/typescript-language-features/dist/extension.js:1:180337)
[2020-03-28 17:31:39.594] [exthost] [error] [vscode.typescript-language-features] provider FAILED
[2020-03-28 17:31:39.594] [exthost] [error] Error: busy
	at o._provideSemanticTokens (/usr/share/code/resources/app/extensions/typescript-language-features/dist/extension.js:1:180337)
[2020-03-28 17:32:12.881] [exthost] [error] [vscode.typescript-language-features] provider FAILED
[2020-03-28 17:32:12.881] [exthost] [error] Error: busy
	at o._provideSemanticTokens (/usr/share/code/resources/app/extensions/typescript-language-features/dist/extension.js:1:180337)
[2020-03-28 17:32:55.351] [exthost] [info] ExtensionService#_doActivateExtension vscode.extension-editing {"startup":false,"extensionId":{"value":"vscode.extension-editing","_lower":"vscode.extension-editing"},"activationEvent":"onLanguage:typescript"}
[2020-03-28 17:32:55.351] [exthost] [info] ExtensionService#loadCommonJSModule file:///usr/share/code/resources/app/extensions/extension-editing/dist/extension
[2020-03-28 17:32:59.756] [exthost] [error] [vscode.typescript-language-features] provider FAILED
[2020-03-28 17:32:59.756] [exthost] [error] Error: busy
	at o._provideSemanticTokens (/usr/share/code/resources/app/extensions/typescript-language-features/dist/extension.js:1:180337)
[2020-03-28 17:33:46.701] [exthost] [warning] INVALID text edit -> must have at least a label
[2020-03-28 17:33:46.701] [exthost] [warning] INVALID text edit -> must have at least a label
[2020-03-28 17:33:46.701] [exthost] [warning] INVALID text edit -> must have at least a label
[2020-03-28 17:33:46.701] [exthost] [warning] INVALID text edit -> must have at least a label
[2020-03-28 17:33:46.701] [exthost] [warning] INVALID text edit -> must have at least a label
[2020-03-28 17:33:46.701] [exthost] [warning] INVALID text edit -> must have at least a label
[2020-03-28 17:33:46.701] [exthost] [warning] INVALID text edit -> must have at least a label
[2020-03-28 17:33:46.701] [exthost] [warning] INVALID text edit -> must have at least a label
[2020-03-28 17:33:46.701] [exthost] [warning] INVALID text edit -> must have at least a label
[2020-03-28 17:33:46.701] [exthost] [warning] INVALID text edit -> must have at least a label
[2020-03-28 17:33:46.701] [exthost] [warning] INVALID text edit -> must have at least a label
[2020-03-28 17:33:46.701] [exthost] [warning] INVALID text edit -> must have at least a label
[2020-03-28 17:49:33.250] [exthost] [warning] INVALID text edit -> must have at least a label
[2020-03-28 17:49:33.250] [exthost] [warning] INVALID text edit -> must have at least a label
[2020-03-28 17:49:33.250] [exthost] [warning] INVALID text edit -> must have at least a label
[2020-03-28 17:49:33.250] [exthost] [warning] INVALID text edit -> must have at least a label
[2020-03-28 17:49:33.250] [exthost] [warning] INVALID text edit -> must have at least a label
[2020-03-28 17:49:33.250] [exthost] [warning] INVALID text edit -> must have at least a label
[2020-03-28 17:49:33.250] [exthost] [warning] INVALID text edit -> must have at least a label
[2020-03-28 17:49:33.250] [exthost] [warning] INVALID text edit -> must have at least a label
[2020-03-28 17:49:33.250] [exthost] [warning] INVALID text edit -> must have at least a label
[2020-03-28 17:49:33.250] [exthost] [warning] INVALID text edit -> must have at least a label
[2020-03-28 17:49:33.250] [exthost] [warning] INVALID text edit -> must have at least a label
[2020-03-28 17:49:33.250] [exthost] [warning] INVALID text edit -> must have at least a label
[2020-03-28 18:01:32.775] [exthost] [error] [vscode.typescript-language-features] provider FAILED
[2020-03-28 18:01:32.775] [exthost] [error] Error: busy
	at o._provideSemanticTokens (/usr/share/code/resources/app/extensions/typescript-language-features/dist/extension.js:1:180337)
[2020-03-28 18:07:18.109] [exthost] [error] [vscode.typescript-language-features] provider FAILED
[2020-03-28 18:07:18.110] [exthost] [error] Error: busy
	at o._provideSemanticTokens (/usr/share/code/resources/app/extensions/typescript-language-features/dist/extension.js:1:180337)
[2020-03-28 18:10:24.759] [exthost] [error] [vscode.typescript-language-features] provider FAILED
[2020-03-28 18:10:24.759] [exthost] [error] Error: busy
	at o._provideSemanticTokens (/usr/share/code/resources/app/extensions/typescript-language-features/dist/extension.js:1:180337)
[2020-03-28 18:18:52.011] [exthost] [info] ExtensionService#_doActivateExtension vscode.image-preview {"startup":false,"extensionId":{"value":"vscode.image-preview","_lower":"vscode.image-preview"},"activationEvent":"onCustomEditor:imagePreview.previewEditor"}
[2020-03-28 18:18:52.012] [exthost] [info] ExtensionService#loadCommonJSModule file:///usr/share/code/resources/app/extensions/image-preview/dist/extension
[2020-03-28 18:44:57.106] [exthost] [info] extension host started
[2020-03-28 18:44:57.135] [exthost] [info] ExtensionService#_doActivateExtension vscode.typescript-language-features {"startup":false,"extensionId":{"value":"vscode.typescript-language-features","_lower":"vscode.typescript-language-features"},"activationEvent":"onLanguage:javascript"}
[2020-03-28 18:44:57.135] [exthost] [info] ExtensionService#loadCommonJSModule file:///usr/share/code/resources/app/extensions/typescript-language-features/dist/extension
[2020-03-28 18:44:57.160] [exthost] [info] ExtensionService#_doActivateExtension christian-kohler.npm-intellisense {"startup":false,"extensionId":{"value":"christian-kohler.npm-intellisense","_lower":"christian-kohler.npm-intellisense"},"activationEvent":"onLanguage:javascript"}
[2020-03-28 18:44:57.160] [exthost] [info] ExtensionService#loadCommonJSModule file:///home/moraes/.vscode/extensions/christian-kohler.npm-intellisense-1.3.0/out/src/extension
[2020-03-28 18:44:57.180] [exthost] [info] ExtensionService#_doActivateExtension vscode.debug-auto-launch {"startup":true,"extensionId":{"value":"vscode.debug-auto-launch","_lower":"vscode.debug-auto-launch"},"activationEvent":"*"}
[2020-03-28 18:44:57.180] [exthost] [info] ExtensionService#loadCommonJSModule file:///usr/share/code/resources/app/extensions/debug-auto-launch/dist/extension
[2020-03-28 18:44:57.182] [exthost] [info] ExtensionService#_doActivateExtension vscode.emmet {"startup":true,"extensionId":{"value":"vscode.emmet","_lower":"vscode.emmet"},"activationEvent":"*"}
[2020-03-28 18:44:57.182] [exthost] [info] ExtensionService#loadCommonJSModule file:///usr/share/code/resources/app/extensions/emmet/dist/extension
[2020-03-28 18:44:57.193] [exthost] [info] ExtensionService#_doActivateExtension vscode.git {"startup":true,"extensionId":{"value":"vscode.git","_lower":"vscode.git"},"activationEvent":"*"}
[2020-03-28 18:44:57.193] [exthost] [info] ExtensionService#loadCommonJSModule file:///usr/share/code/resources/app/extensions/git/dist/main
[2020-03-28 18:44:57.208] [exthost] [info] ExtensionService#_doActivateExtension vscode.github-authentication {"startup":true,"extensionId":{"value":"vscode.github-authentication","_lower":"vscode.github-authentication"},"activationEvent":"*"}
[2020-03-28 18:44:57.208] [exthost] [info] ExtensionService#loadCommonJSModule file:///usr/share/code/resources/app/extensions/github-authentication/dist/extension.js
[2020-03-28 18:44:57.209] [exthost] [info] ExtensionService#_doActivateExtension vscode.merge-conflict {"startup":true,"extensionId":{"value":"vscode.merge-conflict","_lower":"vscode.merge-conflict"},"activationEvent":"*"}
[2020-03-28 18:44:57.209] [exthost] [info] ExtensionService#loadCommonJSModule file:///usr/share/code/resources/app/extensions/merge-conflict/dist/extension
[2020-03-28 18:44:57.211] [exthost] [info] ExtensionService#_doActivateExtension vscode.search-result {"startup":true,"extensionId":{"value":"vscode.search-result","_lower":"vscode.search-result"},"activationEvent":"*"}
[2020-03-28 18:44:57.211] [exthost] [info] ExtensionService#loadCommonJSModule file:///usr/share/code/resources/app/extensions/search-result/dist/extension.js
[2020-03-28 18:44:57.211] [exthost] [info] ExtensionService#_doActivateExtension vscode.vscode-account {"startup":true,"extensionId":{"value":"vscode.vscode-account","_lower":"vscode.vscode-account"},"activationEvent":"*"}
[2020-03-28 18:44:57.211] [exthost] [info] ExtensionService#loadCommonJSModule file:///usr/share/code/resources/app/extensions/vscode-account/dist/extension.js
[2020-03-28 18:44:57.212] [exthost] [info] ExtensionService#_doActivateExtension PKief.material-icon-theme {"startup":true,"extensionId":{"value":"PKief.material-icon-theme","_lower":"pkief.material-icon-theme"},"activationEvent":"*"}
[2020-03-28 18:44:57.213] [exthost] [info] ExtensionService#loadCommonJSModule file:///home/moraes/.vscode/extensions/pkief.material-icon-theme-4.0.1/dist/extension
[2020-03-28 18:44:57.288] [exthost] [info] ExtensionService#_doActivateExtension vscode.npm {"startup":true,"extensionId":{"value":"vscode.npm","_lower":"vscode.npm"},"activationEvent":"workspaceContains:package.json"}
[2020-03-28 18:44:57.288] [exthost] [info] ExtensionService#loadCommonJSModule file:///usr/share/code/resources/app/extensions/npm/dist/main
[2020-03-28 18:44:57.386] [exthost] [info] eager extensions activated
